Arguments: 
  /usr/local/bin/node /usr/local/Cellar/yarn/1.22.10/libexec/bin/yarn.js add react: ^17.0.2

PATH: 
  /Library/Frameworks/Python.framework/Versions/3.9/bin:/Library/Frameworks/Python.framework/Versions/3.8/bin:/usr/local/bin:/usr/bin:/bin:/usr/sbin:/sbin:/Library/Frameworks/Python.framework/Versions/3.9/bin:/Library/Frameworks/Python.framework/Versions/3.8/bin

Yarn version: 
  1.22.10

Node version: 
  14.17.1

Platform: 
  darwin x64

Trace: 
  Error: Invalid URL
      at module.exports.module.exports (/usr/local/Cellar/yarn/1.22.10/libexec/lib/cli.js:71821:9)
      at urlParts (/usr/local/Cellar/yarn/1.22.10/libexec/lib/cli.js:31614:75)
      at NpmRegistry.isRequestToRegistry (/usr/local/Cellar/yarn/1.22.10/libexec/lib/cli.js:31657:19)
      at NpmRegistry.<anonymous> (/usr/local/Cellar/yarn/1.22.10/libexec/lib/cli.js:31689:31)
      at Generator.next (<anonymous>)
      at step (/usr/local/Cellar/yarn/1.22.10/libexec/lib/cli.js:310:30)
      at /usr/local/Cellar/yarn/1.22.10/libexec/lib/cli.js:328:14
      at new Promise (<anonymous>)
      at new F (/usr/local/Cellar/yarn/1.22.10/libexec/lib/cli.js:5301:28)
      at NpmRegistry.<anonymous> (/usr/local/Cellar/yarn/1.22.10/libexec/lib/cli.js:307:12)

npm manifest: 
  {
    "name": "utils-react-hooks",
    "version": "1.0.0",
    "description": "A set of useful react hooks to use in projects",
    "main": "index.js",
    "scripts": {
      "test": "echo \"Error: no test specified\" && exit 1"
    },
    "repository": {
      "type": "git",
      "url": "git+https://github.com/davidparys/react-hooks.git"
    },
    "keywords": [
      "react",
      "hooks",
      "useful",
      "nextjs",
      "window"
    ],
    "author": "David PARYS",
    "license": "ISC",
    "bugs": {
      "url": "https://github.com/davidparys/react-hooks/issues"
    },
    "homepage": "https://github.com/davidparys/react-hooks#readme"
  }

yarn manifest: 
  No manifest

Lockfile: 
  No lockfile
